Command line:
   tswinMan_isim_beh.exe
     -simmode  gui
     -simrunnum  0
     -socket  64361

Sun May 07 15:37:05 2017


 Elaboration Time: 0.265625 sec

 Current Memory Usage: 1487.77 Meg

 Total Signals          : 26
 Total Nets             : 54
 Total Signal Drivers   : 17
 Total Blocks           : 5
 Total Primitive Blocks : 4
 Total Processes        : 5
 Total Traceable Variables  : 10
 Total Scalar Nets and Variables : 432
Total Line Count : 47

 Total Simulation Time: 0.359375 sec

 Current Memory Usage: 1487.74 Meg

Sun May 07 15:37:47 2017

