Running: C:\Xilinx\14.7\ISE_DS\ISE\bin\nt\unwrapped\fuse.exe -intstyle ise -incremental -o C:/Users/utp/Desktop/procesador3/tsMiprocesador2_isim_beh.exe -prj C:/Users/utp/Desktop/procesador3/tsMiprocesador2_beh.prj work.tsMiprocesador2 
ISim P.20131013 (signature 0x8ef4fb42)
Number of CPUs detected in this system: 4
Turning on mult-threading, number of parallel sub-compilation jobs: 8 
Determining compilation order of HDL files
Parsing VHDL file "C:/Users/utp/Desktop/procesador3/uc.vhd" into library work
Parsing VHDL file "C:/Users/utp/Desktop/procesador3/sumador.vhd" into library work
Parsing VHDL file "C:/Users/utp/Desktop/procesador3/seu.vhd" into library work
Parsing VHDL file "C:/Users/utp/Desktop/procesador3/registerFile.vhd" into library work
Parsing VHDL file "C:/Users/utp/Desktop/procesador3/psr.vhd" into library work
Parsing VHDL file "C:/Users/utp/Desktop/procesador3/mux.vhd" into library work
Parsing VHDL file "C:/Users/utp/Desktop/procesador3/modPsr.vhd" into library work
Parsing VHDL file "C:/Users/utp/Desktop/procesador3/instructionMemory.vhd" into library work
Parsing VHDL file "C:/Users/utp/Desktop/procesador3/flip2.vhd" into library work
Parsing VHDL file "C:/Users/utp/Desktop/procesador3/flip1.vhd" into library work
Parsing VHDL file "C:/Users/utp/Desktop/procesador3/alu.vhd" into library work
Parsing VHDL file "C:/Users/utp/Desktop/procesador3/Miprocesador2.vhd" into library work
Parsing VHDL file "C:/Users/utp/Desktop/procesador3/tsMiprocesador2.vhd" into library work
Starting static elaboration
Completed static elaboration
Fuse Memory Usage: 123124 KB
Fuse CPU Usage: 326 ms
Compiling package standard
Compiling package std_logic_1164
Compiling package std_logic_arith
Compiling package std_logic_unsigned
Compiling package textio
Compiling architecture behavioral of entity sumador [sumador_default]
Compiling architecture behavioral of entity flip1 [flip1_default]
Compiling architecture behavioral of entity flip2 [flip2_default]
Compiling architecture behavioral of entity instructionMemory [instructionmemory_default]
Compiling architecture behavioral of entity uc [uc_default]
Compiling architecture behavioral of entity registerFile [registerfile_default]
Compiling architecture behavioral of entity mux [mux_default]
Compiling architecture behavioral of entity seu [seu_default]
Compiling architecture behavioral of entity alu [alu_default]
Compiling architecture behavioral of entity modPsr [modpsr_default]
Compiling architecture behavioral of entity psr [psr_default]
Compiling architecture arquitectura_miprocesador2 of entity Miprocesador2 [miprocesador2_default]
Compiling architecture behavior of entity tsmiprocesador2
Time Resolution for simulation is 1ps.
Waiting for 10 sub-compilation(s) to finish...
Compiled 30 VHDL Units
Built simulation executable C:/Users/utp/Desktop/procesador3/tsMiprocesador2_isim_beh.exe
Fuse Memory Usage: 141796 KB
Fuse CPU Usage: 733 ms
